12936 : 2023-10-20 07:31:22,101 : INFO : telemetry.main : Attempt start. Configuration directory [C:\Users\viren\.azure].
12936 : 2023-10-20 07:31:22,101 : DEBUG : telemetry.note : acquiring lock
12936 : 2023-10-20 07:31:22,101 : DEBUG : telemetry.note : acquired lock
12936 : 2023-10-20 07:31:22,101 : INFO : telemetry.note : Update the note mtime to 2023-10-20 07:31:22.101815
12936 : 2023-10-20 07:31:22,101 : WARNING : telemetry.note : Fail to parse or read the timestamp 'N/A' in the note file. Set the last send time to minimal. Reason: not readable
12936 : 2023-10-20 07:31:22,101 : INFO : telemetry.records : 1 cache files to move.
12936 : 2023-10-20 07:31:22,101 : INFO : telemetry.records : Create temp folder C:\Users\viren\AppData\Local\Temp\tmpabvfvkrx
12936 : 2023-10-20 07:31:22,101 : INFO : telemetry.records : Move file C:\Users\viren\.azure\telemetry\cache to C:\Users\viren\AppData\Local\Temp\tmpabvfvkrx\cache
12936 : 2023-10-20 07:31:22,101 : INFO : telemetry.records : Processed file C:\Users\viren\AppData\Local\Temp\tmpabvfvkrx\cache into 1 records.
12936 : 2023-10-20 07:31:22,101 : INFO : telemetry.records : Remove directory C:\Users\viren\AppData\Local\Temp\tmpabvfvkrx
12936 : 2023-10-20 07:31:22,133 : INFO : telemetry.client : Accumulated 1 events. Flush the clients.
12936 : 2023-10-20 07:31:22,133 : INFO : telemetry.client : Flush client c4395b75-49cc-422c-bc95-c7d51aef5d46.
12936 : 2023-10-20 07:31:22,834 : INFO : telemetry.sender : Sending 3664 bytes
12936 : 2023-10-20 07:31:22,834 : INFO : telemetry.sender : Finish uploading in 0.701075 seconds.
12936 : 2023-10-20 07:31:22,834 : INFO : telemetry.note : Update the last send in note to 2023-10-20 07:31:21
12936 : 2023-10-20 07:31:22,834 : INFO : telemetry.note : Update the note mtime to 2023-10-20 07:31:22.834890
20084 : 2023-10-20 07:32:10,805 : INFO : telemetry.main : Attempt start. Configuration directory [C:\Users\viren\.azure].
20084 : 2023-10-20 07:32:10,805 : DEBUG : telemetry.note : acquiring lock
20084 : 2023-10-20 07:32:10,805 : DEBUG : telemetry.note : acquired lock
20084 : 2023-10-20 07:32:10,821 : INFO : telemetry.note : Update the note mtime to 2023-10-20 07:32:10.821420
20084 : 2023-10-20 07:32:10,821 : INFO : telemetry.note : Read timestamp from the note. The last send was 2023-10-20 07:31:21.
20084 : 2023-10-20 07:32:10,821 : INFO : telemetry.records : 1 cache files to move.
20084 : 2023-10-20 07:32:10,821 : INFO : telemetry.records : Create temp folder C:\Users\viren\AppData\Local\Temp\tmp8vhd73za
20084 : 2023-10-20 07:32:10,821 : INFO : telemetry.records : Move file C:\Users\viren\.azure\telemetry\cache to C:\Users\viren\AppData\Local\Temp\tmp8vhd73za\cache
20084 : 2023-10-20 07:32:10,821 : INFO : telemetry.records : Processed file C:\Users\viren\AppData\Local\Temp\tmp8vhd73za\cache into 1 records.
20084 : 2023-10-20 07:32:10,821 : INFO : telemetry.records : Remove directory C:\Users\viren\AppData\Local\Temp\tmp8vhd73za
20084 : 2023-10-20 07:32:10,837 : INFO : telemetry.client : Accumulated 1 events. Flush the clients.
20084 : 2023-10-20 07:32:10,837 : INFO : telemetry.client : Flush client c4395b75-49cc-422c-bc95-c7d51aef5d46.
20084 : 2023-10-20 07:32:11,563 : INFO : telemetry.sender : Sending 3705 bytes
20084 : 2023-10-20 07:32:11,563 : INFO : telemetry.sender : Finish uploading in 0.725875 seconds.
20084 : 2023-10-20 07:32:11,563 : INFO : telemetry.note : Update the last send in note to 2023-10-20 07:32:10
20084 : 2023-10-20 07:32:11,563 : INFO : telemetry.note : Update the note mtime to 2023-10-20 07:32:11.563318
6192 : 2023-10-20 07:32:24,867 : INFO : telemetry.main : Attempt start. Configuration directory [C:\Users\viren\.azure].
6192 : 2023-10-20 07:32:24,867 : DEBUG : telemetry.note : acquiring lock
6192 : 2023-10-20 07:32:24,867 : DEBUG : telemetry.note : acquired lock
6192 : 2023-10-20 07:32:24,867 : INFO : telemetry.note : Update the note mtime to 2023-10-20 07:32:24.867162
6192 : 2023-10-20 07:32:24,867 : INFO : telemetry.note : Read timestamp from the note. The last send was 2023-10-20 07:32:10.
6192 : 2023-10-20 07:32:24,867 : INFO : telemetry.records : 1 cache files to move.
6192 : 2023-10-20 07:32:24,867 : INFO : telemetry.records : Create temp folder C:\Users\viren\AppData\Local\Temp\tmpf8j510zh
6192 : 2023-10-20 07:32:24,867 : INFO : telemetry.records : Move file C:\Users\viren\.azure\telemetry\cache to C:\Users\viren\AppData\Local\Temp\tmpf8j510zh\cache
6192 : 2023-10-20 07:32:24,867 : INFO : telemetry.records : Processed file C:\Users\viren\AppData\Local\Temp\tmpf8j510zh\cache into 1 records.
6192 : 2023-10-20 07:32:24,867 : INFO : telemetry.records : Remove directory C:\Users\viren\AppData\Local\Temp\tmpf8j510zh
6192 : 2023-10-20 07:32:24,882 : INFO : telemetry.client : Accumulated 1 events. Flush the clients.
6192 : 2023-10-20 07:32:24,882 : INFO : telemetry.client : Flush client c4395b75-49cc-422c-bc95-c7d51aef5d46.
6192 : 2023-10-20 07:32:25,605 : INFO : telemetry.sender : Sending 3522 bytes
6192 : 2023-10-20 07:32:25,605 : INFO : telemetry.sender : Finish uploading in 0.722671 seconds.
6192 : 2023-10-20 07:32:25,605 : INFO : telemetry.note : Update the last send in note to 2023-10-20 07:32:24
6192 : 2023-10-20 07:32:25,605 : INFO : telemetry.note : Update the note mtime to 2023-10-20 07:32:25.605466
10504 : 2023-10-20 07:32:35,513 : INFO : telemetry.main : Attempt start. Configuration directory [C:\Users\viren\.azure].
10504 : 2023-10-20 07:32:35,513 : DEBUG : telemetry.note : acquiring lock
10504 : 2023-10-20 07:32:35,513 : DEBUG : telemetry.note : acquired lock
10504 : 2023-10-20 07:32:35,513 : INFO : telemetry.note : Update the note mtime to 2023-10-20 07:32:35.513109
10504 : 2023-10-20 07:32:35,513 : INFO : telemetry.note : Read timestamp from the note. The last send was 2023-10-20 07:32:24.
10504 : 2023-10-20 07:32:35,513 : INFO : telemetry.records : 1 cache files to move.
10504 : 2023-10-20 07:32:35,513 : INFO : telemetry.records : Create temp folder C:\Users\viren\AppData\Local\Temp\tmp1tqzr3hr
10504 : 2023-10-20 07:32:35,513 : INFO : telemetry.records : Move file C:\Users\viren\.azure\telemetry\cache to C:\Users\viren\AppData\Local\Temp\tmp1tqzr3hr\cache
10504 : 2023-10-20 07:32:35,513 : INFO : telemetry.records : Processed file C:\Users\viren\AppData\Local\Temp\tmp1tqzr3hr\cache into 1 records.
10504 : 2023-10-20 07:32:35,513 : INFO : telemetry.records : Remove directory C:\Users\viren\AppData\Local\Temp\tmp1tqzr3hr
10504 : 2023-10-20 07:32:35,528 : INFO : telemetry.client : Accumulated 1 events. Flush the clients.
10504 : 2023-10-20 07:32:35,528 : INFO : telemetry.client : Flush client c4395b75-49cc-422c-bc95-c7d51aef5d46.
10504 : 2023-10-20 07:32:36,240 : INFO : telemetry.sender : Sending 4747 bytes
10504 : 2023-10-20 07:32:36,240 : INFO : telemetry.sender : Finish uploading in 0.711537 seconds.
10504 : 2023-10-20 07:32:36,240 : INFO : telemetry.note : Update the last send in note to 2023-10-20 07:32:35
10504 : 2023-10-20 07:32:36,240 : INFO : telemetry.note : Update the note mtime to 2023-10-20 07:32:36.240503
22132 : 2023-10-20 07:35:14,295 : INFO : telemetry.main : Attempt start. Configuration directory [C:\Users\viren\.azure].
22132 : 2023-10-20 07:35:14,295 : DEBUG : telemetry.note : acquiring lock
22132 : 2023-10-20 07:35:14,295 : DEBUG : telemetry.note : acquired lock
22132 : 2023-10-20 07:35:14,295 : INFO : telemetry.note : Update the note mtime to 2023-10-20 07:35:14.295801
22132 : 2023-10-20 07:35:14,300 : INFO : telemetry.note : Read timestamp from the note. The last send was 2023-10-20 07:32:35.
22132 : 2023-10-20 07:35:14,301 : INFO : telemetry.records : 1 cache files to move.
22132 : 2023-10-20 07:35:14,301 : INFO : telemetry.records : Create temp folder C:\Users\viren\AppData\Local\Temp\tmptqx2ji5s
22132 : 2023-10-20 07:35:14,301 : INFO : telemetry.records : Move file C:\Users\viren\.azure\telemetry\cache to C:\Users\viren\AppData\Local\Temp\tmptqx2ji5s\cache
22132 : 2023-10-20 07:35:14,301 : INFO : telemetry.records : Processed file C:\Users\viren\AppData\Local\Temp\tmptqx2ji5s\cache into 1 records.
22132 : 2023-10-20 07:35:14,301 : INFO : telemetry.records : Remove directory C:\Users\viren\AppData\Local\Temp\tmptqx2ji5s
22132 : 2023-10-20 07:35:14,323 : INFO : telemetry.client : Accumulated 1 events. Flush the clients.
22132 : 2023-10-20 07:35:14,323 : INFO : telemetry.client : Flush client c4395b75-49cc-422c-bc95-c7d51aef5d46.
22132 : 2023-10-20 07:35:15,034 : INFO : telemetry.sender : Sending 3520 bytes
22132 : 2023-10-20 07:35:15,034 : INFO : telemetry.sender : Finish uploading in 0.711413 seconds.
22132 : 2023-10-20 07:35:15,034 : INFO : telemetry.note : Update the last send in note to 2023-10-20 07:35:14
22132 : 2023-10-20 07:35:15,034 : INFO : telemetry.note : Update the note mtime to 2023-10-20 07:35:15.034874
